<?xml version="1.0" encoding="UTF-8"?>
<!-- Generated by org.testng.reporters.JUnitXMLReporter -->
<testsuite ignored="9" hostname="Madhukar" failures="0" tests="1" name="API Tests(failed)" time="3.958" errors="0" timestamp="2025-07-20T07:21:09 IST">
  <testcase classname="testcases.ProductTest" name="testDeleteProduct" time="3.132"/>
  <testcase classname="testcases.ProductTest" name="testGetAllCategories" time="0.0">
    <ignored/>
  </testcase> <!-- testGetAllCategories -->
  <testcase classname="testcases.ProductTest" name="testAddNewProduct" time="0.0">
    <ignored/>
  </testcase> <!-- testAddNewProduct -->
  <testcase classname="testcases.ProductTest" name="testUpdateProduct" time="0.0">
    <ignored/>
  </testcase> <!-- testUpdateProduct -->
  <testcase classname="testcases.ProductTest" name="testGetProductsByCategory" time="0.0">
    <ignored/>
  </testcase> <!-- testGetProductsByCategory -->
  <testcase classname="testcases.ProductTest" name="testGetLimitedProducts" time="0.0">
    <ignored/>
  </testcase> <!-- testGetLimitedProducts -->
  <testcase classname="testcases.ProductTest" name="testGetProductByID" time="0.0">
    <ignored/>
  </testcase> <!-- testGetProductByID -->
  <testcase classname="testcases.ProductTest" name="testGetSortedProductsASC" time="0.0">
    <ignored/>
  </testcase> <!-- testGetSortedProductsASC -->
  <testcase classname="testcases.ProductTest" name="testGetSortedProducts" time="0.0">
    <ignored/>
  </testcase> <!-- testGetSortedProducts -->
  <testcase classname="testcases.ProductTest" name="testGetAllProducts" time="0.0">
    <ignored/>
  </testcase> <!-- testGetAllProducts -->
</testsuite> <!-- API Tests(failed) -->
