<?xml version="1.0" encoding="UTF-8"?>
<!-- Generated by org.testng.reporters.JUnitXMLReporter -->
<testsuite ignored="0" hostname="Madhukar" failures="0" tests="3" name="Default test" time="7.218" errors="0" timestamp="2025-07-22T09:36:12 IST">
  <testcase classname="testcases.UserTests" name="testCreateUser" time="4.41"/>
  <testcase classname="testcases.UserTests" name="testDeleteUser" time="1.169"/>
  <testcase classname="testcases.UserTests" name="testUpdateUser" time="1.013"/>
</testsuite> <!-- Default test -->
