<?xml version="1.0" encoding="UTF-8"?>
<!-- Generated by org.testng.reporters.JUnitXMLReporter -->
<testsuite ignored="0" hostname="Madhukar" failures="0" tests="11" name="Default test" time="15.721" errors="0" timestamp="2025-07-27T13:52:09 IST">
  <testcase classname="testcases.CartTests" name="testCreateCart" time="1.036"/>
  <testcase classname="testcases.CartTests" name="testDeleteCart" time="0.884"/>
  <testcase classname="testcases.CartTests" name="testGetAllCarts" time="1.009"/>
  <testcase classname="testcases.CartTests" name="testGetCartById" time="0.999"/>
  <testcase classname="testcases.CartTests" name="testGetCartsByDateRange" time="1.01"/>
  <testcase classname="testcases.CartTests" name="testGetCartsSorted" time="1.024"/>
  <testcase classname="testcases.CartTests" name="testGetCartsSortedAsc" time="0.955"/>
  <testcase classname="testcases.CartTests" name="testGetCartsWithLimit" time="0.921"/>
  <testcase classname="testcases.CartTests" name="testGetUserCart" time="0.96"/>
  <testcase classname="testcases.CartTests" name="testGetUserCartByDateRange" time="0.905"/>
  <testcase classname="testcases.CartTests" name="testUpdateCart" time="0.883"/>
</testsuite> <!-- Default test -->
