<?xml version="1.0" encoding="UTF-8"?>
<!-- Generated by org.testng.reporters.JUnitXMLReporter -->
<testsuite ignored="0" hostname="Madhukar" failures="0" tests="11" name="Cart Tests" time="18.686" errors="0" timestamp="2025-07-24T09:19:09 IST">
  <testcase classname="testcases.CartTests" name="testCreateCart" time="4.387"/>
  <testcase classname="testcases.CartTests" name="testDeleteCart" time="1.526"/>
  <testcase classname="testcases.CartTests" name="testGetAllCarts" time="1.353"/>
  <testcase classname="testcases.CartTests" name="testGetCartById" time="1.497"/>
  <testcase classname="testcases.CartTests" name="testGetCartsByDateRange" time="1.142"/>
  <testcase classname="testcases.CartTests" name="testGetCartsSorted" time="1.487"/>
  <testcase classname="testcases.CartTests" name="testGetCartsSortedAsc" time="1.274"/>
  <testcase classname="testcases.CartTests" name="testGetCartsWithLimit" time="1.291"/>
  <testcase classname="testcases.CartTests" name="testGetUserCart" time="1.245"/>
  <testcase classname="testcases.CartTests" name="testGetUserCartByDateRange" time="1.234"/>
  <testcase classname="testcases.CartTests" name="testUpdateCart" time="1.069"/>
</testsuite> <!-- Cart Tests -->
