<?xml version="1.0" encoding="UTF-8"?>
<!-- Generated by org.testng.reporters.JUnitXMLReporter -->
<testsuite ignored="0" hostname="Madhukar" failures="0" tests="11" name="Cart Tests" time="18.666" errors="0" timestamp="2025-07-26T12:22:14 IST">
  <testcase classname="testcases.CartTests" name="testCreateCart" time="1.553"/>
  <testcase classname="testcases.CartTests" name="testDeleteCart" time="1.714"/>
  <testcase classname="testcases.CartTests" name="testGetAllCarts" time="1.524"/>
  <testcase classname="testcases.CartTests" name="testGetCartById" time="2.699"/>
  <testcase classname="testcases.CartTests" name="testGetCartsByDateRange" time="1.641"/>
  <testcase classname="testcases.CartTests" name="testGetCartsSorted" time="1.157"/>
  <testcase classname="testcases.CartTests" name="testGetCartsSortedAsc" time="0.706"/>
  <testcase classname="testcases.CartTests" name="testGetCartsWithLimit" time="1.059"/>
  <testcase classname="testcases.CartTests" name="testGetUserCart" time="2.424"/>
  <testcase classname="testcases.CartTests" name="testGetUserCartByDateRange" time="1.698"/>
  <testcase classname="testcases.CartTests" name="testUpdateCart" time="2.396"/>
</testsuite> <!-- Cart Tests -->
