<?xml version="1.0" encoding="UTF-8"?>
<!-- Generated by org.testng.reporters.JUnitXMLReporter -->
<testsuite ignored="0" hostname="Madhukar" failures="0" tests="10" name="Product Tests" time="13.429" errors="0" timestamp="2025-07-27T17:25:01 IST">
  <testcase classname="testcases.ProductTest" name="testAddNewProduct" time="1.534"/>
  <testcase classname="testcases.ProductTest" name="testDeleteProduct" time="1.311"/>
  <testcase classname="testcases.ProductTest" name="testGetAllCategories" time="1.479"/>
  <testcase classname="testcases.ProductTest" name="testGetAllProducts" time="1.923"/>
  <testcase classname="testcases.ProductTest" name="testGetLimitedProducts" time="1.137"/>
  <testcase classname="testcases.ProductTest" name="testGetProductByID" time="1.121"/>
  <testcase classname="testcases.ProductTest" name="testGetProductsByCategory" time="1.232"/>
  <testcase classname="testcases.ProductTest" name="testGetSortedProducts" time="0.915"/>
  <testcase classname="testcases.ProductTest" name="testGetSortedProductsASC" time="1.232"/>
  <testcase classname="testcases.ProductTest" name="testUpdateProduct" time="1.148"/>
</testsuite> <!-- Product Tests -->
