<?xml version="1.0" encoding="UTF-8"?>
<!-- Generated by org.testng.reporters.JUnitXMLReporter -->
<testsuite ignored="0" hostname="Madhukar" failures="0" tests="10" name="Product Tests" time="6.987" errors="0" timestamp="2025-07-28T05:47:49 IST">
  <testcase classname="testcases.ProductTest" name="testAddNewProduct" time="0.862"/>
  <testcase classname="testcases.ProductTest" name="testDeleteProduct" time="0.785"/>
  <testcase classname="testcases.ProductTest" name="testGetAllCategories" time="0.559"/>
  <testcase classname="testcases.ProductTest" name="testGetAllProducts" time="0.669"/>
  <testcase classname="testcases.ProductTest" name="testGetLimitedProducts" time="0.669"/>
  <testcase classname="testcases.ProductTest" name="testGetProductByID" time="0.579"/>
  <testcase classname="testcases.ProductTest" name="testGetProductsByCategory" time="0.808"/>
  <testcase classname="testcases.ProductTest" name="testGetSortedProducts" time="0.559"/>
  <testcase classname="testcases.ProductTest" name="testGetSortedProductsASC" time="0.581"/>
  <testcase classname="testcases.ProductTest" name="testUpdateProduct" time="0.592"/>
</testsuite> <!-- Product Tests -->
