<?xml version="1.0" encoding="UTF-8"?>
<!-- Generated by org.testng.reporters.JUnitXMLReporter -->
<testsuite ignored="0" hostname="Madhukar" failures="0" tests="3" name="Schema Tests" time="9.088" errors="0" timestamp="2025-07-26T12:22:12 IST">
  <testcase classname="testcases.SchemaTests" name="tesUserSchema" time="1.956"/>
  <testcase classname="testcases.SchemaTests" name="testCartSchema" time="2.907"/>
  <testcase classname="testcases.SchemaTests" name="testProductSchema" time="4.183"/>
</testsuite> <!-- Schema Tests -->
