<?xml version="1.0" encoding="UTF-8"?>
<!-- Generated by org.testng.reporters.JUnitXMLReporter -->
<testsuite ignored="0" hostname="Madhukar" failures="0" tests="3" name="Schema Tests" time="2.077" errors="0" timestamp="2025-07-28T05:47:52 IST">
  <testcase classname="testcases.SchemaTests" name="tesUserSchema" time="0.843"/>
  <testcase classname="testcases.SchemaTests" name="testCartSchema" time="0.673"/>
  <testcase classname="testcases.SchemaTests" name="testProductSchema" time="0.547"/>
</testsuite> <!-- Schema Tests -->
