<?xml version="1.0" encoding="UTF-8"?>
<!-- Generated by org.testng.reporters.JUnitXMLReporter -->
<testsuite ignored="0" hostname="Madhukar" failures="0" tests="8" name="User Tests" time="18.527" errors="0" timestamp="2025-07-26T12:21:55 IST">
  <testcase classname="testcases.UserTests" name="testCreateUser" time="4.432"/>
  <testcase classname="testcases.UserTests" name="testDeleteUser" time="1.864"/>
  <testcase classname="testcases.UserTests" name="testGetAllUsers" time="1.807"/>
  <testcase classname="testcases.UserTests" name="testGetUserById" time="0.983"/>
  <testcase classname="testcases.UserTests" name="testGetUsersSorted" time="1.32"/>
  <testcase classname="testcases.UserTests" name="testGetUsersSortedAsc" time="0.734"/>
  <testcase classname="testcases.UserTests" name="testGetUserswithLimit" time="3.711"/>
  <testcase classname="testcases.UserTests" name="testUpdateUser" time="2.705"/>
</testsuite> <!-- User Tests -->
