<?xml version="1.0" encoding="UTF-8"?>
<!-- Generated by org.testng.reporters.JUnitXMLReporter -->
<testsuite ignored="0" hostname="Madhukar" failures="0" tests="8" name="User Tests" time="23.759" errors="0" timestamp="2025-07-27T14:51:32 IST">
  <testcase classname="testcases.UserTests" name="testCreateUser" time="1.521"/>
  <testcase classname="testcases.UserTests" name="testDeleteUser" time="2.355"/>
  <testcase classname="testcases.UserTests" name="testGetAllUsers" time="1.17"/>
  <testcase classname="testcases.UserTests" name="testGetUserById" time="1.044"/>
  <testcase classname="testcases.UserTests" name="testGetUsersSorted" time="1.087"/>
  <testcase classname="testcases.UserTests" name="testGetUsersSortedAsc" time="1.136"/>
  <testcase classname="testcases.UserTests" name="testGetUserswithLimit" time="3.117"/>
  <testcase classname="testcases.UserTests" name="testUpdateUser" time="6.428"/>
</testsuite> <!-- User Tests -->
