<?xml version="1.0" encoding="UTF-8"?>
<testng-results ignored="0" total="1" passed="1" failed="0" skipped="0">
  <reporter-output>
  </reporter-output>
  <suite started-at="2025-07-20T07:21:04 IST" name="Failed suite [API TestSuite]" finished-at="2025-07-20T07:21:08 IST" duration-ms="3958">
    <groups>
    </groups>
    <test started-at="2025-07-20T07:21:04 IST" name="API Tests(failed)" finished-at="2025-07-20T07:21:08 IST" duration-ms="3958">
      <class name="testcases.ProductTest">
        <test-method is-config="true" signature="setup()[pri:0, instance:testcases.ProductTest@3e0e1046]" started-at="2025-07-20T07:21:04 IST" name="setup" finished-at="2025-07-20T07:21:05 IST" duration-ms="475" status="PASS">
          <reporter-output>
          </reporter-output>
        </test-method> <!-- setup -->
        <test-method signature="testDeleteProduct()[pri:0, instance:testcases.ProductTest@3e0e1046]" started-at="2025-07-20T07:21:05 IST" name="testDeleteProduct" finished-at="2025-07-20T07:21:08 IST" duration-ms="3132" status="PASS">
          <reporter-output>
          </reporter-output>
        </test-method> <!-- testDeleteProduct -->
      </class> <!-- testcases.ProductTest -->
    </test> <!-- API Tests(failed) -->
  </suite> <!-- Failed suite [API TestSuite] -->
</testng-results>
